<?xml version="1.0" encoding="UTF-8"?>
<!-- Generated by org.testng.reporters.JUnitReportReporter -->
<testsuite skipped="0" hostname="LAPTOP-HPGRN3FM" name="com.absa.testcasas.AddUserTC00_2" tests="1" failures="0" timestamp="30 Aug 2020 17:22:48 GMT" time="2.234" errors="0">
  <testcase name="AddFirstUser" time="2.234" classname="com.absa.testcasas.AddUserTC00_2"/>
</testsuite> <!-- com.absa.testcasas.AddUserTC00_2 -->
